0.55758 M parameters
0.55758 M trainable
step 0: train loss 2.8332, val loss 2.8332, time 89.30 seconds
maskacc_val 0.0032
maskacc_fg_val 0.0000
maskacc_fg_stats_val fg_masked_cnt=1626809 masked_cnt=1632000 fg_cnt=4898959 zero_fg_batches=0 used_batches=100 total_batches=100
step 50: train loss 2.1566, val loss 2.1527, time 354.49 seconds
maskacc_val 0.2676
maskacc_fg_val 0.2674
maskacc_fg_stats_val fg_masked_cnt=1626730 masked_cnt=1632000 fg_cnt=4898742 zero_fg_batches=0 used_batches=100 total_batches=100
step 100: train loss 2.0235, val loss 2.0264, time 620.93 seconds
maskacc_val 0.3342
maskacc_fg_val 0.3358
maskacc_fg_stats_val fg_masked_cnt=1626761 masked_cnt=1632000 fg_cnt=4898824 zero_fg_batches=0 used_batches=100 total_batches=100
step 150: train loss 1.9277, val loss 1.9283, time 888.63 seconds
maskacc_val 0.3844
maskacc_fg_val 0.3865
maskacc_fg_stats_val fg_masked_cnt=1626809 masked_cnt=1632000 fg_cnt=4898959 zero_fg_batches=0 used_batches=100 total_batches=100
step 200: train loss 1.8915, val loss 1.8949, time 1154.44 seconds
maskacc_val 0.4094
maskacc_fg_val 0.4091
maskacc_fg_stats_val fg_masked_cnt=1626730 masked_cnt=1632000 fg_cnt=4898742 zero_fg_batches=0 used_batches=100 total_batches=100
step 250: train loss 1.8502, val loss 1.8498, time 1420.75 seconds
maskacc_val 0.4008
maskacc_fg_val 0.4028
maskacc_fg_stats_val fg_masked_cnt=1626761 masked_cnt=1632000 fg_cnt=4898824 zero_fg_batches=0 used_batches=100 total_batches=100
step 300: train loss 1.8208, val loss 1.8221, time 1687.57 seconds
maskacc_val 0.4168
maskacc_fg_val 0.4191
maskacc_fg_stats_val fg_masked_cnt=1626809 masked_cnt=1632000 fg_cnt=4898959 zero_fg_batches=0 used_batches=100 total_batches=100
step 350: train loss 1.7971, val loss 1.7986, time 1971.84 seconds
maskacc_val 0.4319
maskacc_fg_val 0.4315
maskacc_fg_stats_val fg_masked_cnt=1626730 masked_cnt=1632000 fg_cnt=4898742 zero_fg_batches=0 used_batches=100 total_batches=100
step 399: train loss 1.7850, val loss 1.7844, time 2249.21 seconds
maskacc_val 0.4445
maskacc_fg_val 0.4467
maskacc_fg_stats_val fg_masked_cnt=1626761 masked_cnt=1632000 fg_cnt=4898824 zero_fg_batches=0 used_batches=100 total_batches=100
Total training time: 2301.34 seconds
