0.55758 M parameters
0.55758 M trainable
step 0: train loss 2.8332, val loss 2.8332, time 90.26 seconds
maskacc_val 0.0044
maskacc_fg_val 0.0000
maskacc_fg_stats_val fg_masked_cnt=812406 masked_cnt=816000 fg_cnt=2446816 zero_fg_batches=0 used_batches=50 total_batches=50
step 20: train loss 2.4340, val loss 2.4394, time 257.94 seconds
maskacc_val 0.2528
maskacc_fg_val 0.2539
maskacc_fg_stats_val fg_masked_cnt=812406 masked_cnt=816000 fg_cnt=2446816 zero_fg_batches=0 used_batches=50 total_batches=50
step 40: train loss 2.3135, val loss 2.3224, time 428.30 seconds
maskacc_val 0.2528
maskacc_fg_val 0.2539
maskacc_fg_stats_val fg_masked_cnt=812406 masked_cnt=816000 fg_cnt=2446816 zero_fg_batches=0 used_batches=50 total_batches=50
step 60: train loss 2.2727, val loss 2.2819, time 596.23 seconds
maskacc_val 0.2528
maskacc_fg_val 0.2539
maskacc_fg_stats_val fg_masked_cnt=812406 masked_cnt=816000 fg_cnt=2446816 zero_fg_batches=0 used_batches=50 total_batches=50
step 80: train loss 2.2136, val loss 2.2224, time 765.81 seconds
maskacc_val 0.2528
maskacc_fg_val 0.2539
maskacc_fg_stats_val fg_masked_cnt=812406 masked_cnt=816000 fg_cnt=2446816 zero_fg_batches=0 used_batches=50 total_batches=50
step 100: train loss 2.1460, val loss 2.1543, time 934.29 seconds
maskacc_val 0.2528
maskacc_fg_val 0.2539
maskacc_fg_stats_val fg_masked_cnt=812406 masked_cnt=816000 fg_cnt=2446816 zero_fg_batches=0 used_batches=50 total_batches=50
step 119: train loss 2.1153, val loss 2.1233, time 1101.04 seconds
maskacc_val 0.2528
maskacc_fg_val 0.2539
maskacc_fg_stats_val fg_masked_cnt=812406 masked_cnt=816000 fg_cnt=2446816 zero_fg_batches=0 used_batches=50 total_batches=50
Total training time: 1126.79 seconds
