1.666008 M parameters
1.666008 M trainable
step 0: train loss 3.4965, val loss 3.4965, time 300.53 seconds
maskacc_val 0.0157
maskacc_fg_val 0.0000
maskacc_fg_stats_val fg_masked_cnt=967503 masked_cnt=1036800 fg_cnt=1923373 zero_fg_batches=0 used_batches=50 total_batches=50
step 30: train loss 3.4204, val loss 3.4186, time 1253.51 seconds
maskacc_val 0.0480
maskacc_fg_val 0.0526
maskacc_fg_stats_val fg_masked_cnt=970009 masked_cnt=1036800 fg_cnt=1924170 zero_fg_batches=0 used_batches=50 total_batches=50
step 60: train loss 3.1257, val loss 3.1241, time 2210.39 seconds
maskacc_val 0.0728
maskacc_fg_val 0.0754
maskacc_fg_stats_val fg_masked_cnt=969514 masked_cnt=1036800 fg_cnt=1924180 zero_fg_batches=0 used_batches=50 total_batches=50
step 90: train loss 3.0771, val loss 3.0752, time 3171.74 seconds
maskacc_val 0.0775
maskacc_fg_val 0.0850
maskacc_fg_stats_val fg_masked_cnt=973731 masked_cnt=1036800 fg_cnt=1930997 zero_fg_batches=0 used_batches=50 total_batches=50
step 120: train loss 3.0597, val loss 3.0537, time 4124.65 seconds
maskacc_val 0.0879
maskacc_fg_val 0.0931
maskacc_fg_stats_val fg_masked_cnt=971260 masked_cnt=1036800 fg_cnt=1930318 zero_fg_batches=0 used_batches=50 total_batches=50
step 149: train loss 3.0546, val loss 3.0446, time 5062.11 seconds
maskacc_val 0.0857
maskacc_fg_val 0.0859
maskacc_fg_stats_val fg_masked_cnt=969015 masked_cnt=1036800 fg_cnt=1927040 zero_fg_batches=0 used_batches=50 total_batches=50
Total training time: 5157.67 seconds
