1.666008 M parameters
1.666008 M trainable
step 0: train loss 3.4364, val loss 3.4367, time 297.97 seconds
maskacc_val 0.0308
maskacc_fg_val 0.0307
maskacc_fg_stats_val fg_masked_cnt=65307 masked_cnt=76800 fg_cnt=1923373 zero_fg_batches=0 used_batches=50 total_batches=50
step 30: train loss 3.2590, val loss 3.2599, time 1238.76 seconds
maskacc_val 0.0604
maskacc_fg_val 0.0006
maskacc_fg_stats_val fg_masked_cnt=65504 masked_cnt=76800 fg_cnt=1924170 zero_fg_batches=0 used_batches=50 total_batches=50
step 60: train loss 2.8840, val loss 2.8853, time 2181.72 seconds
maskacc_val 0.1567
maskacc_fg_val 0.1092
maskacc_fg_stats_val fg_masked_cnt=65254 masked_cnt=76800 fg_cnt=1924180 zero_fg_batches=0 used_batches=50 total_batches=50
step 90: train loss 2.6925, val loss 2.6896, time 3123.56 seconds
maskacc_val 0.2578
maskacc_fg_val 0.2524
maskacc_fg_stats_val fg_masked_cnt=66025 masked_cnt=76800 fg_cnt=1930997 zero_fg_batches=0 used_batches=50 total_batches=50
step 119: train loss 2.6236, val loss 2.6232, time 4050.09 seconds
maskacc_val 0.2949
maskacc_fg_val 0.2989
maskacc_fg_stats_val fg_masked_cnt=65791 masked_cnt=76800 fg_cnt=1930318 zero_fg_batches=0 used_batches=50 total_batches=50
Total training time: 4146.00 seconds
