1.666008 M parameters
1.666008 M trainable
step 0: train loss 3.0473, val loss 3.0444, time 295.41 seconds
maskacc_val 0.0798
maskacc_fg_val 0.0901
maskacc_fg_stats_val fg_masked_cnt=65307 masked_cnt=76800 fg_cnt=1923373 zero_fg_batches=0 used_batches=50 total_batches=50
step 30: train loss 2.6005, val loss 2.5893, time 1234.18 seconds
maskacc_val 0.1942
maskacc_fg_val 0.1802
maskacc_fg_stats_val fg_masked_cnt=65504 masked_cnt=76800 fg_cnt=1924170 zero_fg_batches=0 used_batches=50 total_batches=50
step 60: train loss 2.3962, val loss 2.3927, time 2180.32 seconds
maskacc_val 0.3058
maskacc_fg_val 0.2960
maskacc_fg_stats_val fg_masked_cnt=65254 masked_cnt=76800 fg_cnt=1924180 zero_fg_batches=0 used_batches=50 total_batches=50
step 90: train loss 2.2517, val loss 2.2473, time 3125.89 seconds
maskacc_val 0.3427
maskacc_fg_val 0.3464
maskacc_fg_stats_val fg_masked_cnt=66025 masked_cnt=76800 fg_cnt=1930997 zero_fg_batches=0 used_batches=50 total_batches=50
step 119: train loss 2.2018, val loss 2.1962, time 4050.57 seconds
maskacc_val 0.3659
maskacc_fg_val 0.3622
maskacc_fg_stats_val fg_masked_cnt=65791 masked_cnt=76800 fg_cnt=1930318 zero_fg_batches=0 used_batches=50 total_batches=50
Total training time: 4145.41 seconds
