1.666008 M parameters
1.666008 M trainable
step 0: train loss 3.4965, val loss 3.4965, time 298.08 seconds
maskacc_val 0.0296
maskacc_fg_val 0.0000
maskacc_fg_stats_val fg_masked_cnt=905590 masked_cnt=1036800 fg_cnt=1784190 zero_fg_batches=0 used_batches=50 total_batches=50
step 30: train loss 2.9536, val loss 4.6137, time 1247.08 seconds
maskacc_val 0.0174
maskacc_fg_val 0.0190
maskacc_fg_stats_val fg_masked_cnt=906617 masked_cnt=1036800 fg_cnt=1781090 zero_fg_batches=0 used_batches=50 total_batches=50
step 60: train loss 2.9084, val loss 5.2051, time 2200.80 seconds
maskacc_val 0.0170
maskacc_fg_val 0.0199
maskacc_fg_stats_val fg_masked_cnt=906428 masked_cnt=1036800 fg_cnt=1780904 zero_fg_batches=0 used_batches=50 total_batches=50
step 90: train loss 2.9060, val loss 5.4256, time 3154.17 seconds
maskacc_val 0.0171
maskacc_fg_val 0.0188
maskacc_fg_stats_val fg_masked_cnt=903098 masked_cnt=1036800 fg_cnt=1777436 zero_fg_batches=0 used_batches=50 total_batches=50
step 119: train loss 2.9006, val loss 5.4993, time 4087.25 seconds
maskacc_val 0.0168
maskacc_fg_val 0.0191
maskacc_fg_stats_val fg_masked_cnt=904266 masked_cnt=1036800 fg_cnt=1779575 zero_fg_batches=0 used_batches=50 total_batches=50
Total training time: 4182.35 seconds
