0.55758 M parameters
0.55758 M trainable
step 0: train loss 2.8332, val loss 2.8332, time 90.34 seconds
maskacc_val 0.0034
maskacc_fg_val 0.0000
maskacc_fg_stats_val fg_masked_cnt=1626400 masked_cnt=1632000 fg_cnt=4898321 zero_fg_batches=0 used_batches=100 total_batches=100
step 50: train loss 2.1986, val loss 2.1883, time 359.49 seconds
maskacc_val 0.2642
maskacc_fg_val 0.2646
maskacc_fg_stats_val fg_masked_cnt=1626375 masked_cnt=1632000 fg_cnt=4898253 zero_fg_batches=0 used_batches=100 total_batches=100
step 100: train loss 2.0919, val loss 2.0921, time 628.00 seconds
maskacc_val 0.3537
maskacc_fg_val 0.3553
maskacc_fg_stats_val fg_masked_cnt=1626375 masked_cnt=1632000 fg_cnt=4898276 zero_fg_batches=0 used_batches=100 total_batches=100
step 150: train loss 2.0128, val loss 2.0106, time 898.30 seconds
maskacc_val 0.3676
maskacc_fg_val 0.3693
maskacc_fg_stats_val fg_masked_cnt=1626400 masked_cnt=1632000 fg_cnt=4898321 zero_fg_batches=0 used_batches=100 total_batches=100
step 200: train loss 1.9619, val loss 1.9568, time 1165.15 seconds
maskacc_val 0.3865
maskacc_fg_val 0.3871
maskacc_fg_stats_val fg_masked_cnt=1626375 masked_cnt=1632000 fg_cnt=4898253 zero_fg_batches=0 used_batches=100 total_batches=100
step 250: train loss 1.9323, val loss 1.9291, time 1435.12 seconds
maskacc_val 0.3891
maskacc_fg_val 0.3907
maskacc_fg_stats_val fg_masked_cnt=1626375 masked_cnt=1632000 fg_cnt=4898276 zero_fg_batches=0 used_batches=100 total_batches=100
step 300: train loss 1.9162, val loss 1.9114, time 1703.08 seconds
maskacc_val 0.3923
maskacc_fg_val 0.3941
maskacc_fg_stats_val fg_masked_cnt=1626400 masked_cnt=1632000 fg_cnt=4898321 zero_fg_batches=0 used_batches=100 total_batches=100
step 350: train loss 1.8975, val loss 1.8874, time 1971.15 seconds
maskacc_val 0.4061
maskacc_fg_val 0.4068
maskacc_fg_stats_val fg_masked_cnt=1626375 masked_cnt=1632000 fg_cnt=4898253 zero_fg_batches=0 used_batches=100 total_batches=100
step 399: train loss 1.8850, val loss 1.8775, time 2238.37 seconds
maskacc_val 0.4083
maskacc_fg_val 0.4100
maskacc_fg_stats_val fg_masked_cnt=1626375 masked_cnt=1632000 fg_cnt=4898276 zero_fg_batches=0 used_batches=100 total_batches=100
Total training time: 2287.45 seconds
