0.55758 M parameters
0.55758 M trainable
step 0: train loss 2.8332, val loss 2.8332, time 95.05 seconds
maskacc_val 0.0034
maskacc_fg_val 0.0000
maskacc_fg_stats_val fg_masked_cnt=1626400 masked_cnt=1632000 fg_cnt=4898321 zero_fg_batches=0 used_batches=100 total_batches=100
step 50: train loss 1.7277, val loss 1.7216, time 381.61 seconds
maskacc_val 0.3659
maskacc_fg_val 0.3670
maskacc_fg_stats_val fg_masked_cnt=1626375 masked_cnt=1632000 fg_cnt=4898253 zero_fg_batches=0 used_batches=100 total_batches=100
step 100: train loss 1.4614, val loss 1.4536, time 670.39 seconds
maskacc_val 0.4724
maskacc_fg_val 0.4742
maskacc_fg_stats_val fg_masked_cnt=1626375 masked_cnt=1632000 fg_cnt=4898276 zero_fg_batches=0 used_batches=100 total_batches=100
step 150: train loss 1.3494, val loss 1.3399, time 958.25 seconds
maskacc_val 0.5148
maskacc_fg_val 0.5167
maskacc_fg_stats_val fg_masked_cnt=1626400 masked_cnt=1632000 fg_cnt=4898321 zero_fg_batches=0 used_batches=100 total_batches=100
step 200: train loss 1.3145, val loss 1.3039, time 1247.68 seconds
maskacc_val 0.5134
maskacc_fg_val 0.5150
maskacc_fg_stats_val fg_masked_cnt=1626375 masked_cnt=1632000 fg_cnt=4898253 zero_fg_batches=0 used_batches=100 total_batches=100
step 250: train loss 1.2847, val loss 1.2748, time 1536.61 seconds
maskacc_val 0.5253
maskacc_fg_val 0.5270
maskacc_fg_stats_val fg_masked_cnt=1626375 masked_cnt=1632000 fg_cnt=4898276 zero_fg_batches=0 used_batches=100 total_batches=100
step 300: train loss 1.2412, val loss 1.2333, time 1824.47 seconds
maskacc_val 0.5407
maskacc_fg_val 0.5426
maskacc_fg_stats_val fg_masked_cnt=1626400 masked_cnt=1632000 fg_cnt=4898321 zero_fg_batches=0 used_batches=100 total_batches=100
step 350: train loss 1.2224, val loss 1.2089, time 2112.69 seconds
maskacc_val 0.5558
maskacc_fg_val 0.5576
maskacc_fg_stats_val fg_masked_cnt=1626375 masked_cnt=1632000 fg_cnt=4898253 zero_fg_batches=0 used_batches=100 total_batches=100
step 399: train loss 1.2072, val loss 1.1955, time 2397.43 seconds
maskacc_val 0.5609
maskacc_fg_val 0.5629
maskacc_fg_stats_val fg_masked_cnt=1626375 masked_cnt=1632000 fg_cnt=4898276 zero_fg_batches=0 used_batches=100 total_batches=100
Total training time: 2449.35 seconds
