1.666008 M parameters
1.666008 M trainable
step 0: train loss 3.4965, val loss 3.4965, time 298.81 seconds
maskacc_val 0.0185
maskacc_fg_val 0.0000
maskacc_fg_stats_val fg_masked_cnt=1285962 masked_cnt=1388400 fg_cnt=1923373 zero_fg_batches=0 used_batches=50 total_batches=50
step 30: train loss 3.4333, val loss 3.4318, time 1235.93 seconds
maskacc_val 0.0437
maskacc_fg_val 0.0442
maskacc_fg_stats_val fg_masked_cnt=1288460 masked_cnt=1388400 fg_cnt=1924170 zero_fg_batches=0 used_batches=50 total_batches=50
step 60: train loss 3.4277, val loss 3.4278, time 2178.26 seconds
maskacc_val 0.0459
maskacc_fg_val 0.0494
maskacc_fg_stats_val fg_masked_cnt=1288246 masked_cnt=1388400 fg_cnt=1924180 zero_fg_batches=0 used_batches=50 total_batches=50
step 90: train loss 3.4258, val loss 3.4264, time 3117.25 seconds
maskacc_val 0.0441
maskacc_fg_val 0.0511
maskacc_fg_stats_val fg_masked_cnt=1293533 masked_cnt=1388400 fg_cnt=1930997 zero_fg_batches=0 used_batches=50 total_batches=50
step 120: train loss 3.4247, val loss 3.4266, time 4057.99 seconds
maskacc_val 0.0461
maskacc_fg_val 0.0490
maskacc_fg_stats_val fg_masked_cnt=1291654 masked_cnt=1388400 fg_cnt=1930318 zero_fg_batches=0 used_batches=50 total_batches=50
step 149: train loss 3.4286, val loss 3.4265, time 4980.04 seconds
maskacc_val 0.0450
maskacc_fg_val 0.0469
maskacc_fg_stats_val fg_masked_cnt=1288665 masked_cnt=1388400 fg_cnt=1927040 zero_fg_batches=0 used_batches=50 total_batches=50
Total training time: 5075.77 seconds
