1.666008 M parameters
1.666008 M trainable
step 0: train loss 3.4364, val loss 3.4367, time 297.97 seconds
maskacc_val 0.0308
maskacc_fg_val 0.0307
maskacc_fg_stats_val fg_masked_cnt=65307 masked_cnt=76800 fg_cnt=1923373 zero_fg_batches=0 used_batches=50 total_batches=50
step 30: train loss 3.2590, val loss 3.2599, time 1238.76 seconds
maskacc_val 0.0604
maskacc_fg_val 0.0006
maskacc_fg_stats_val fg_masked_cnt=65504 masked_cnt=76800 fg_cnt=1924170 zero_fg_batches=0 used_batches=50 total_batches=50
step 60: train loss 2.8840, val loss 2.8853, time 2181.72 seconds
maskacc_val 0.1567
maskacc_fg_val 0.1092
maskacc_fg_stats_val fg_masked_cnt=65254 masked_cnt=76800 fg_cnt=1924180 zero_fg_batches=0 used_batches=50 total_batches=50
step 90: train loss 2.6925, val loss 2.6896, time 3123.56 seconds
maskacc_val 0.2578
maskacc_fg_val 0.2524
maskacc_fg_stats_val fg_masked_cnt=66025 masked_cnt=76800 fg_cnt=1930997 zero_fg_batches=0 used_batches=50 total_batches=50
step 119: train loss 2.6236, val loss 2.6232, time 4050.09 seconds
maskacc_val 0.2949
maskacc_fg_val 0.2989
maskacc_fg_stats_val fg_masked_cnt=65791 masked_cnt=76800 fg_cnt=1930318 zero_fg_batches=0 used_batches=50 total_batches=50
Total training time: 4146.00 seconds
1.666008 M parameters
1.666008 M trainable
step 0: train loss 3.0473, val loss 3.0444, time 295.41 seconds
maskacc_val 0.0798
maskacc_fg_val 0.0901
maskacc_fg_stats_val fg_masked_cnt=65307 masked_cnt=76800 fg_cnt=1923373 zero_fg_batches=0 used_batches=50 total_batches=50
step 30: train loss 2.6005, val loss 2.5893, time 1234.18 seconds
maskacc_val 0.1942
maskacc_fg_val 0.1802
maskacc_fg_stats_val fg_masked_cnt=65504 masked_cnt=76800 fg_cnt=1924170 zero_fg_batches=0 used_batches=50 total_batches=50
step 60: train loss 2.3962, val loss 2.3927, time 2180.32 seconds
maskacc_val 0.3058
maskacc_fg_val 0.2960
maskacc_fg_stats_val fg_masked_cnt=65254 masked_cnt=76800 fg_cnt=1924180 zero_fg_batches=0 used_batches=50 total_batches=50
step 90: train loss 2.2517, val loss 2.2473, time 3125.89 seconds
maskacc_val 0.3427
maskacc_fg_val 0.3464
maskacc_fg_stats_val fg_masked_cnt=66025 masked_cnt=76800 fg_cnt=1930997 zero_fg_batches=0 used_batches=50 total_batches=50
step 119: train loss 2.2018, val loss 2.1962, time 4050.57 seconds
maskacc_val 0.3659
maskacc_fg_val 0.3622
maskacc_fg_stats_val fg_masked_cnt=65791 masked_cnt=76800 fg_cnt=1930318 zero_fg_batches=0 used_batches=50 total_batches=50
Total training time: 4145.41 seconds
{
  "realvideo_square_migration_coarse120": {
    "best_maskacc_val_fs0": 0.2949,
    "best_maskacc_val_fs1": 0.3659,
    "delta_maskacc_val": 0.07100000000000001,
    "best_maskacc_fg_val_fs0": 0.2989,
    "best_maskacc_fg_val_fs1": 0.3622,
    "delta_maskacc_fg_val": 0.06330000000000002,
    "last_val_loss_fs0": 2.6232,
    "last_val_loss_fs1": 2.1962,
    "delta_last_val_loss": -0.42700000000000005
  }
}
