1.666008 M parameters
1.666008 M trainable
step 0: train loss 3.4965, val loss 3.4965, time 295.02 seconds
maskacc_val 0.0157
maskacc_fg_val 0.0000
maskacc_fg_stats_val fg_masked_cnt=967503 masked_cnt=1036800 fg_cnt=1923373 zero_fg_batches=0 used_batches=50 total_batches=50
step 30: train loss 3.4225, val loss 3.4206, time 1248.03 seconds
maskacc_val 0.0480
maskacc_fg_val 0.0526
maskacc_fg_stats_val fg_masked_cnt=970009 masked_cnt=1036800 fg_cnt=1924170 zero_fg_batches=0 used_batches=50 total_batches=50
step 60: train loss 3.1296, val loss 3.1276, time 2244.09 seconds
maskacc_val 0.0729
maskacc_fg_val 0.0755
maskacc_fg_stats_val fg_masked_cnt=969514 masked_cnt=1036800 fg_cnt=1924180 zero_fg_batches=0 used_batches=50 total_batches=50
step 90: train loss 3.0778, val loss 3.0761, time 3228.86 seconds
maskacc_val 0.0775
maskacc_fg_val 0.0849
maskacc_fg_stats_val fg_masked_cnt=973731 masked_cnt=1036800 fg_cnt=1930997 zero_fg_batches=0 used_batches=50 total_batches=50
step 120: train loss 3.0592, val loss 3.0535, time 4216.67 seconds
maskacc_val 0.0890
maskacc_fg_val 0.0940
maskacc_fg_stats_val fg_masked_cnt=971260 masked_cnt=1036800 fg_cnt=1930318 zero_fg_batches=0 used_batches=50 total_batches=50
step 149: train loss 3.0555, val loss 3.0468, time 5183.85 seconds
maskacc_val 0.0902
maskacc_fg_val 0.0931
maskacc_fg_stats_val fg_masked_cnt=969015 masked_cnt=1036800 fg_cnt=1927040 zero_fg_batches=0 used_batches=50 total_batches=50
Total training time: 5284.20 seconds
