0.55758 M parameters
0.55758 M trainable
step 0: train loss 2.8332, val loss 2.8332, time 92.46 seconds
maskacc_val 0.0043
maskacc_fg_val 0.0000
maskacc_fg_stats_val fg_masked_cnt=1624994 masked_cnt=1632000 fg_cnt=4893820 zero_fg_batches=0 used_batches=100 total_batches=100
step 50: train loss 1.7861, val loss 1.8204, time 363.32 seconds
maskacc_val 0.3209
maskacc_fg_val 0.3227
maskacc_fg_stats_val fg_masked_cnt=1625002 masked_cnt=1632000 fg_cnt=4893844 zero_fg_batches=0 used_batches=100 total_batches=100
step 100: train loss 1.4808, val loss 1.5199, time 636.03 seconds
maskacc_val 0.4539
maskacc_fg_val 0.4556
maskacc_fg_stats_val fg_masked_cnt=1625004 masked_cnt=1632000 fg_cnt=4893836 zero_fg_batches=0 used_batches=100 total_batches=100
step 150: train loss 1.3643, val loss 1.4063, time 908.30 seconds
maskacc_val 0.4894
maskacc_fg_val 0.4916
maskacc_fg_stats_val fg_masked_cnt=1624994 masked_cnt=1632000 fg_cnt=4893820 zero_fg_batches=0 used_batches=100 total_batches=100
step 200: train loss 1.3292, val loss 1.3718, time 1179.83 seconds
maskacc_val 0.5047
maskacc_fg_val 0.5070
maskacc_fg_stats_val fg_masked_cnt=1625002 masked_cnt=1632000 fg_cnt=4893844 zero_fg_batches=0 used_batches=100 total_batches=100
step 250: train loss 1.2718, val loss 1.3152, time 1447.70 seconds
maskacc_val 0.5229
maskacc_fg_val 0.5250
maskacc_fg_stats_val fg_masked_cnt=1625004 masked_cnt=1632000 fg_cnt=4893836 zero_fg_batches=0 used_batches=100 total_batches=100
step 300: train loss 1.2419, val loss 1.2866, time 1714.99 seconds
maskacc_val 0.5292
maskacc_fg_val 0.5316
maskacc_fg_stats_val fg_masked_cnt=1624994 masked_cnt=1632000 fg_cnt=4893820 zero_fg_batches=0 used_batches=100 total_batches=100
step 350: train loss 1.2126, val loss 1.2592, time 1982.25 seconds
maskacc_val 0.5393
maskacc_fg_val 0.5417
maskacc_fg_stats_val fg_masked_cnt=1625002 masked_cnt=1632000 fg_cnt=4893844 zero_fg_batches=0 used_batches=100 total_batches=100
step 399: train loss 1.1983, val loss 1.2447, time 2247.26 seconds
maskacc_val 0.5457
maskacc_fg_val 0.5479
maskacc_fg_stats_val fg_masked_cnt=1625004 masked_cnt=1632000 fg_cnt=4893836 zero_fg_batches=0 used_batches=100 total_batches=100
Total training time: 2296.41 seconds
