0.55758 M parameters
0.55758 M trainable
step 0: train loss 2.8332, val loss 2.8332, time 97.11 seconds
maskacc_val 0.0139
maskacc_fg_val 0.0000
maskacc_fg_stats_val fg_masked_cnt=1610219 masked_cnt=1632000 fg_cnt=4447227 zero_fg_batches=0 used_batches=100 total_batches=100
step 50: train loss 2.3751, val loss 2.3684, time 387.92 seconds
maskacc_val 0.1987
maskacc_fg_val 0.1959
maskacc_fg_stats_val fg_masked_cnt=1608863 masked_cnt=1632000 fg_cnt=4443743 zero_fg_batches=0 used_batches=100 total_batches=100
step 100: train loss 2.0885, val loss 2.0880, time 680.56 seconds
maskacc_val 0.2767
maskacc_fg_val 0.2763
maskacc_fg_stats_val fg_masked_cnt=1610171 masked_cnt=1632000 fg_cnt=4447230 zero_fg_batches=0 used_batches=100 total_batches=100
step 150: train loss 2.0012, val loss 1.9982, time 971.28 seconds
maskacc_val 0.2998
maskacc_fg_val 0.2963
maskacc_fg_stats_val fg_masked_cnt=1610444 masked_cnt=1632000 fg_cnt=4447899 zero_fg_batches=0 used_batches=100 total_batches=100
step 200: train loss 1.9368, val loss 1.9336, time 1261.63 seconds
maskacc_val 0.3123
maskacc_fg_val 0.3096
maskacc_fg_stats_val fg_masked_cnt=1610161 masked_cnt=1632000 fg_cnt=4447201 zero_fg_batches=0 used_batches=100 total_batches=100
step 250: train loss 1.9003, val loss 1.8988, time 1551.71 seconds
maskacc_val 0.3206
maskacc_fg_val 0.3172
maskacc_fg_stats_val fg_masked_cnt=1610860 masked_cnt=1632000 fg_cnt=4448964 zero_fg_batches=0 used_batches=100 total_batches=100
step 300: train loss 1.8785, val loss 1.8723, time 1844.45 seconds
maskacc_val 0.3263
maskacc_fg_val 0.3215
maskacc_fg_stats_val fg_masked_cnt=1608810 masked_cnt=1632000 fg_cnt=4443618 zero_fg_batches=0 used_batches=100 total_batches=100
step 350: train loss 1.8548, val loss 1.8523, time 2133.90 seconds
maskacc_val 0.3292
maskacc_fg_val 0.3286
maskacc_fg_stats_val fg_masked_cnt=1610609 masked_cnt=1632000 fg_cnt=4448231 zero_fg_batches=0 used_batches=100 total_batches=100
step 399: train loss 1.8454, val loss 1.8439, time 2423.56 seconds
maskacc_val 0.3338
maskacc_fg_val 0.3273
maskacc_fg_stats_val fg_masked_cnt=1608354 masked_cnt=1632000 fg_cnt=4442339 zero_fg_batches=0 used_batches=100 total_batches=100
Total training time: 2476.35 seconds
