0.55758 M parameters
0.55758 M trainable
step 0: train loss 2.8332, val loss 2.8332, time 88.58 seconds
maskacc_val 0.0029
maskacc_fg_val 0.0000
maskacc_fg_stats_val fg_masked_cnt=1627244 masked_cnt=1632000 fg_cnt=4900414 zero_fg_batches=0 used_batches=100 total_batches=100
step 50: train loss 1.7299, val loss 1.7239, time 364.19 seconds
maskacc_val 0.3520
maskacc_fg_val 0.3535
maskacc_fg_stats_val fg_masked_cnt=1627262 masked_cnt=1632000 fg_cnt=4900472 zero_fg_batches=0 used_batches=100 total_batches=100
step 100: train loss 1.4229, val loss 1.4177, time 642.82 seconds
maskacc_val 0.4985
maskacc_fg_val 0.5005
maskacc_fg_stats_val fg_masked_cnt=1627294 masked_cnt=1632000 fg_cnt=4900564 zero_fg_batches=0 used_batches=100 total_batches=100
step 150: train loss 1.3034, val loss 1.3015, time 922.94 seconds
maskacc_val 0.5303
maskacc_fg_val 0.5308
maskacc_fg_stats_val fg_masked_cnt=1627244 masked_cnt=1632000 fg_cnt=4900414 zero_fg_batches=0 used_batches=100 total_batches=100
step 200: train loss 1.2457, val loss 1.2420, time 1210.25 seconds
maskacc_val 0.5469
maskacc_fg_val 0.5489
maskacc_fg_stats_val fg_masked_cnt=1627262 masked_cnt=1632000 fg_cnt=4900472 zero_fg_batches=0 used_batches=100 total_batches=100
step 250: train loss 1.1984, val loss 1.1954, time 1492.06 seconds
maskacc_val 0.5602
maskacc_fg_val 0.5625
maskacc_fg_stats_val fg_masked_cnt=1627294 masked_cnt=1632000 fg_cnt=4900564 zero_fg_batches=0 used_batches=100 total_batches=100
step 300: train loss 1.1552, val loss 1.1550, time 1771.88 seconds
maskacc_val 0.5801
maskacc_fg_val 0.5805
maskacc_fg_stats_val fg_masked_cnt=1627244 masked_cnt=1632000 fg_cnt=4900414 zero_fg_batches=0 used_batches=100 total_batches=100
step 350: train loss 1.1240, val loss 1.1219, time 2050.11 seconds
maskacc_val 0.5933
maskacc_fg_val 0.5956
maskacc_fg_stats_val fg_masked_cnt=1627262 masked_cnt=1632000 fg_cnt=4900472 zero_fg_batches=0 used_batches=100 total_batches=100
step 399: train loss 1.1079, val loss 1.1051, time 2326.35 seconds
maskacc_val 0.6002
maskacc_fg_val 0.6027
maskacc_fg_stats_val fg_masked_cnt=1627294 masked_cnt=1632000 fg_cnt=4900564 zero_fg_batches=0 used_batches=100 total_batches=100
Total training time: 2376.42 seconds
