1.666008 M parameters
1.666008 M trainable
step 0: train loss 3.4364, val loss 3.4367, time 300.04 seconds
maskacc_val 0.0308
maskacc_fg_val 0.0307
maskacc_fg_stats_val fg_masked_cnt=65307 masked_cnt=76800 fg_cnt=1923373 zero_fg_batches=0 used_batches=50 total_batches=50
step 30: train loss 3.2523, val loss 3.2535, time 1283.56 seconds
maskacc_val 0.0604
maskacc_fg_val 0.0005
maskacc_fg_stats_val fg_masked_cnt=65504 masked_cnt=76800 fg_cnt=1924170 zero_fg_batches=0 used_batches=50 total_batches=50
step 60: train loss 2.8715, val loss 2.8712, time 2274.43 seconds
maskacc_val 0.1677
maskacc_fg_val 0.1254
maskacc_fg_stats_val fg_masked_cnt=65254 masked_cnt=76800 fg_cnt=1924180 zero_fg_batches=0 used_batches=50 total_batches=50
step 90: train loss 2.6800, val loss 2.6763, time 3268.01 seconds
maskacc_val 0.2614
maskacc_fg_val 0.2616
maskacc_fg_stats_val fg_masked_cnt=66025 masked_cnt=76800 fg_cnt=1930997 zero_fg_batches=0 used_batches=50 total_batches=50
step 119: train loss 2.6088, val loss 2.6088, time 4241.75 seconds
maskacc_val 0.2740
maskacc_fg_val 0.2752
maskacc_fg_stats_val fg_masked_cnt=65791 masked_cnt=76800 fg_cnt=1930318 zero_fg_batches=0 used_batches=50 total_batches=50
Total training time: 4343.48 seconds
