1.666008 M parameters
1.666008 M trainable
step 0: train loss 3.0987, val loss 3.1051, time 296.50 seconds
maskacc_val 0.0943
maskacc_fg_val 0.0990
maskacc_fg_stats_val fg_masked_cnt=65307 masked_cnt=76800 fg_cnt=1923373 zero_fg_batches=0 used_batches=50 total_batches=50
step 30: train loss 2.5938, val loss 2.5821, time 1255.18 seconds
maskacc_val 0.1886
maskacc_fg_val 0.1836
maskacc_fg_stats_val fg_masked_cnt=65504 masked_cnt=76800 fg_cnt=1924170 zero_fg_batches=0 used_batches=50 total_batches=50
step 60: train loss 2.3920, val loss 2.3884, time 2242.17 seconds
maskacc_val 0.2964
maskacc_fg_val 0.2994
maskacc_fg_stats_val fg_masked_cnt=65254 masked_cnt=76800 fg_cnt=1924180 zero_fg_batches=0 used_batches=50 total_batches=50
step 90: train loss 2.2525, val loss 2.2471, time 3228.14 seconds
maskacc_val 0.3376
maskacc_fg_val 0.3541
maskacc_fg_stats_val fg_masked_cnt=66025 masked_cnt=76800 fg_cnt=1930997 zero_fg_batches=0 used_batches=50 total_batches=50
step 119: train loss 2.2019, val loss 2.1964, time 4205.45 seconds
maskacc_val 0.3651
maskacc_fg_val 0.3636
maskacc_fg_stats_val fg_masked_cnt=65791 masked_cnt=76800 fg_cnt=1930318 zero_fg_batches=0 used_batches=50 total_batches=50
Total training time: 4305.49 seconds
