0.55758 M parameters
0.55758 M trainable
step 0: train loss 2.8332, val loss 2.8332, time 89.46 seconds
maskacc_val 0.0037
maskacc_fg_val 0.0000
maskacc_fg_stats_val fg_masked_cnt=1625882 masked_cnt=1632000 fg_cnt=4896606 zero_fg_batches=0 used_batches=100 total_batches=100
step 50: train loss 2.2343, val loss 2.2070, time 355.01 seconds
maskacc_val 0.2601
maskacc_fg_val 0.2611
maskacc_fg_stats_val fg_masked_cnt=1625863 masked_cnt=1632000 fg_cnt=4896542 zero_fg_batches=0 used_batches=100 total_batches=100
step 100: train loss 2.1394, val loss 2.1137, time 624.85 seconds
maskacc_val 0.3427
maskacc_fg_val 0.3442
maskacc_fg_stats_val fg_masked_cnt=1625880 masked_cnt=1632000 fg_cnt=4896627 zero_fg_batches=0 used_batches=100 total_batches=100
step 150: train loss 2.0335, val loss 1.9983, time 890.10 seconds
maskacc_val 0.3749
maskacc_fg_val 0.3762
maskacc_fg_stats_val fg_masked_cnt=1625882 masked_cnt=1632000 fg_cnt=4896606 zero_fg_batches=0 used_batches=100 total_batches=100
step 200: train loss 1.9891, val loss 1.9484, time 1156.75 seconds
maskacc_val 0.4028
maskacc_fg_val 0.4043
maskacc_fg_stats_val fg_masked_cnt=1625863 masked_cnt=1632000 fg_cnt=4896542 zero_fg_batches=0 used_batches=100 total_batches=100
step 250: train loss 1.9332, val loss 1.8916, time 1423.49 seconds
maskacc_val 0.4002
maskacc_fg_val 0.4019
maskacc_fg_stats_val fg_masked_cnt=1625880 masked_cnt=1632000 fg_cnt=4896627 zero_fg_batches=0 used_batches=100 total_batches=100
step 300: train loss 1.8939, val loss 1.8559, time 1690.60 seconds
maskacc_val 0.4133
maskacc_fg_val 0.4147
maskacc_fg_stats_val fg_masked_cnt=1625882 masked_cnt=1632000 fg_cnt=4896606 zero_fg_batches=0 used_batches=100 total_batches=100
step 350: train loss 1.8693, val loss 1.8337, time 1957.13 seconds
maskacc_val 0.4360
maskacc_fg_val 0.4374
maskacc_fg_stats_val fg_masked_cnt=1625863 masked_cnt=1632000 fg_cnt=4896542 zero_fg_batches=0 used_batches=100 total_batches=100
step 399: train loss 1.8632, val loss 1.8228, time 2220.02 seconds
maskacc_val 0.4498
maskacc_fg_val 0.4518
maskacc_fg_stats_val fg_masked_cnt=1625880 masked_cnt=1632000 fg_cnt=4896627 zero_fg_batches=0 used_batches=100 total_batches=100
Total training time: 2268.86 seconds
