0.55758 M parameters
0.55758 M trainable
step 0: train loss 2.8332, val loss 2.8332, time 89.84 seconds
maskacc_val 0.0037
maskacc_fg_val 0.0000
maskacc_fg_stats_val fg_masked_cnt=1625882 masked_cnt=1632000 fg_cnt=4896606 zero_fg_batches=0 used_batches=100 total_batches=100
step 50: train loss 1.7982, val loss 1.7767, time 359.74 seconds
maskacc_val 0.3578
maskacc_fg_val 0.3582
maskacc_fg_stats_val fg_masked_cnt=1625863 masked_cnt=1632000 fg_cnt=4896542 zero_fg_batches=0 used_batches=100 total_batches=100
step 100: train loss 1.5274, val loss 1.4922, time 628.78 seconds
maskacc_val 0.4734
maskacc_fg_val 0.4754
maskacc_fg_stats_val fg_masked_cnt=1625880 masked_cnt=1632000 fg_cnt=4896627 zero_fg_batches=0 used_batches=100 total_batches=100
step 150: train loss 1.3984, val loss 1.3597, time 898.77 seconds
maskacc_val 0.4895
maskacc_fg_val 0.4913
maskacc_fg_stats_val fg_masked_cnt=1625882 masked_cnt=1632000 fg_cnt=4896606 zero_fg_batches=0 used_batches=100 total_batches=100
step 200: train loss 1.3292, val loss 1.2870, time 1185.71 seconds
maskacc_val 0.5171
maskacc_fg_val 0.5189
maskacc_fg_stats_val fg_masked_cnt=1625863 masked_cnt=1632000 fg_cnt=4896542 zero_fg_batches=0 used_batches=100 total_batches=100
step 250: train loss 1.2697, val loss 1.2297, time 1469.61 seconds
maskacc_val 0.5463
maskacc_fg_val 0.5485
maskacc_fg_stats_val fg_masked_cnt=1625880 masked_cnt=1632000 fg_cnt=4896627 zero_fg_batches=0 used_batches=100 total_batches=100
step 300: train loss 1.2269, val loss 1.1883, time 1751.44 seconds
maskacc_val 0.5670
maskacc_fg_val 0.5692
maskacc_fg_stats_val fg_masked_cnt=1625882 masked_cnt=1632000 fg_cnt=4896606 zero_fg_batches=0 used_batches=100 total_batches=100
step 350: train loss 1.1947, val loss 1.1569, time 2031.73 seconds
maskacc_val 0.5754
maskacc_fg_val 0.5772
maskacc_fg_stats_val fg_masked_cnt=1625863 masked_cnt=1632000 fg_cnt=4896542 zero_fg_batches=0 used_batches=100 total_batches=100
step 399: train loss 1.1811, val loss 1.1392, time 2309.50 seconds
maskacc_val 0.5806
maskacc_fg_val 0.5832
maskacc_fg_stats_val fg_masked_cnt=1625880 masked_cnt=1632000 fg_cnt=4896627 zero_fg_batches=0 used_batches=100 total_batches=100
Total training time: 2362.10 seconds
