0.55758 M parameters
0.55758 M trainable
step 0: train loss 2.8332, val loss 2.8332, time 89.30 seconds
maskacc_val 0.0032
maskacc_fg_val 0.0000
maskacc_fg_stats_val fg_masked_cnt=1626809 masked_cnt=1632000 fg_cnt=4898959 zero_fg_batches=0 used_batches=100 total_batches=100
step 50: train loss 2.1566, val loss 2.1527, time 354.49 seconds
maskacc_val 0.2676
maskacc_fg_val 0.2674
maskacc_fg_stats_val fg_masked_cnt=1626730 masked_cnt=1632000 fg_cnt=4898742 zero_fg_batches=0 used_batches=100 total_batches=100
step 100: train loss 2.0235, val loss 2.0264, time 620.93 seconds
maskacc_val 0.3342
maskacc_fg_val 0.3358
maskacc_fg_stats_val fg_masked_cnt=1626761 masked_cnt=1632000 fg_cnt=4898824 zero_fg_batches=0 used_batches=100 total_batches=100
step 150: train loss 1.9277, val loss 1.9283, time 888.63 seconds
maskacc_val 0.3844
maskacc_fg_val 0.3865
maskacc_fg_stats_val fg_masked_cnt=1626809 masked_cnt=1632000 fg_cnt=4898959 zero_fg_batches=0 used_batches=100 total_batches=100
step 200: train loss 1.8915, val loss 1.8949, time 1154.44 seconds
maskacc_val 0.4094
maskacc_fg_val 0.4091
maskacc_fg_stats_val fg_masked_cnt=1626730 masked_cnt=1632000 fg_cnt=4898742 zero_fg_batches=0 used_batches=100 total_batches=100
step 250: train loss 1.8502, val loss 1.8498, time 1420.75 seconds
maskacc_val 0.4008
maskacc_fg_val 0.4028
maskacc_fg_stats_val fg_masked_cnt=1626761 masked_cnt=1632000 fg_cnt=4898824 zero_fg_batches=0 used_batches=100 total_batches=100
step 300: train loss 1.8208, val loss 1.8221, time 1687.57 seconds
maskacc_val 0.4168
maskacc_fg_val 0.4191
maskacc_fg_stats_val fg_masked_cnt=1626809 masked_cnt=1632000 fg_cnt=4898959 zero_fg_batches=0 used_batches=100 total_batches=100
step 350: train loss 1.7971, val loss 1.7986, time 1971.84 seconds
maskacc_val 0.4319
maskacc_fg_val 0.4315
maskacc_fg_stats_val fg_masked_cnt=1626730 masked_cnt=1632000 fg_cnt=4898742 zero_fg_batches=0 used_batches=100 total_batches=100
step 399: train loss 1.7850, val loss 1.7844, time 2249.21 seconds
maskacc_val 0.4445
maskacc_fg_val 0.4467
maskacc_fg_stats_val fg_masked_cnt=1626761 masked_cnt=1632000 fg_cnt=4898824 zero_fg_batches=0 used_batches=100 total_batches=100
Total training time: 2301.34 seconds
0.55758 M parameters
0.55758 M trainable
step 0: train loss 2.8332, val loss 2.8332, time 90.52 seconds
maskacc_val 0.0032
maskacc_fg_val 0.0000
maskacc_fg_stats_val fg_masked_cnt=1626809 masked_cnt=1632000 fg_cnt=4898959 zero_fg_batches=0 used_batches=100 total_batches=100
step 50: train loss 1.7134, val loss 1.7132, time 371.58 seconds
maskacc_val 0.3590
maskacc_fg_val 0.3593
maskacc_fg_stats_val fg_masked_cnt=1626730 masked_cnt=1632000 fg_cnt=4898742 zero_fg_batches=0 used_batches=100 total_batches=100
step 100: train loss 1.4436, val loss 1.4398, time 652.56 seconds
maskacc_val 0.4760
maskacc_fg_val 0.4783
maskacc_fg_stats_val fg_masked_cnt=1626761 masked_cnt=1632000 fg_cnt=4898824 zero_fg_batches=0 used_batches=100 total_batches=100
step 150: train loss 1.3428, val loss 1.3353, time 932.15 seconds
maskacc_val 0.5245
maskacc_fg_val 0.5270
maskacc_fg_stats_val fg_masked_cnt=1626809 masked_cnt=1632000 fg_cnt=4898959 zero_fg_batches=0 used_batches=100 total_batches=100
step 200: train loss 1.2825, val loss 1.2784, time 1210.22 seconds
maskacc_val 0.5347
maskacc_fg_val 0.5346
maskacc_fg_stats_val fg_masked_cnt=1626730 masked_cnt=1632000 fg_cnt=4898742 zero_fg_batches=0 used_batches=100 total_batches=100
step 250: train loss 1.2438, val loss 1.2361, time 1490.82 seconds
maskacc_val 0.5471
maskacc_fg_val 0.5498
maskacc_fg_stats_val fg_masked_cnt=1626761 masked_cnt=1632000 fg_cnt=4898824 zero_fg_batches=0 used_batches=100 total_batches=100
step 300: train loss 1.2004, val loss 1.1933, time 1772.48 seconds
maskacc_val 0.5634
maskacc_fg_val 0.5660
maskacc_fg_stats_val fg_masked_cnt=1626809 masked_cnt=1632000 fg_cnt=4898959 zero_fg_batches=0 used_batches=100 total_batches=100
step 350: train loss 1.1686, val loss 1.1621, time 2052.28 seconds
maskacc_val 0.5743
maskacc_fg_val 0.5744
maskacc_fg_stats_val fg_masked_cnt=1626730 masked_cnt=1632000 fg_cnt=4898742 zero_fg_batches=0 used_batches=100 total_batches=100
step 399: train loss 1.1515, val loss 1.1437, time 2328.93 seconds
maskacc_val 0.5799
maskacc_fg_val 0.5826
maskacc_fg_stats_val fg_masked_cnt=1626761 masked_cnt=1632000 fg_cnt=4898824 zero_fg_batches=0 used_batches=100 total_batches=100
Total training time: 2380.74 seconds
{
  "task5_realvideo_gap32_long": {
    "best_maskacc_val_fs0": 0.4445,
    "best_maskacc_val_fs1": 0.5799,
    "delta_maskacc_val": 0.13539999999999996,
    "best_maskacc_fg_val_fs0": 0.4467,
    "best_maskacc_fg_val_fs1": 0.5826,
    "delta_maskacc_fg_val": 0.13590000000000002,
    "last_val_loss_fs0": 1.7844,
    "last_val_loss_fs1": 1.1437,
    "delta_last_val_loss": -0.6407
  }
}
