0.55758 M parameters
0.55758 M trainable
step 0: train loss 2.8332, val loss 2.8332, time 31.13 seconds
maskacc_val 0.0077
maskacc_fg_val 0.0000
maskacc_fg_stats_val fg_masked_cnt=406477 masked_cnt=409600 fg_cnt=1616509 zero_fg_batches=0 used_batches=100 total_batches=100
step 50: train loss 2.3726, val loss 2.3711, time 120.34 seconds
maskacc_val 0.1887
maskacc_fg_val 0.1876
maskacc_fg_stats_val fg_masked_cnt=406361 masked_cnt=409600 fg_cnt=1615137 zero_fg_batches=0 used_batches=100 total_batches=100
step 100: train loss 2.2292, val loss 2.2350, time 210.01 seconds
maskacc_val 0.2132
maskacc_fg_val 0.2172
maskacc_fg_stats_val fg_masked_cnt=406599 masked_cnt=409600 fg_cnt=1616462 zero_fg_batches=0 used_batches=100 total_batches=100
step 150: train loss 2.1973, val loss 2.1956, time 301.52 seconds
maskacc_val 0.2256
maskacc_fg_val 0.2249
maskacc_fg_stats_val fg_masked_cnt=406481 masked_cnt=409600 fg_cnt=1616724 zero_fg_batches=0 used_batches=100 total_batches=100
step 200: train loss 2.1756, val loss 2.1754, time 392.10 seconds
maskacc_val 0.2275
maskacc_fg_val 0.2282
maskacc_fg_stats_val fg_masked_cnt=406562 masked_cnt=409600 fg_cnt=1616454 zero_fg_batches=0 used_batches=100 total_batches=100
step 250: train loss 2.1590, val loss 2.1617, time 482.65 seconds
maskacc_val 0.2302
maskacc_fg_val 0.2313
maskacc_fg_stats_val fg_masked_cnt=406581 masked_cnt=409600 fg_cnt=1617144 zero_fg_batches=0 used_batches=100 total_batches=100
step 300: train loss 2.1562, val loss 2.1574, time 571.94 seconds
maskacc_val 0.2336
maskacc_fg_val 0.2312
maskacc_fg_stats_val fg_masked_cnt=406398 masked_cnt=409600 fg_cnt=1615094 zero_fg_batches=0 used_batches=100 total_batches=100
step 350: train loss 2.1412, val loss 2.1462, time 661.30 seconds
maskacc_val 0.2330
maskacc_fg_val 0.2358
maskacc_fg_stats_val fg_masked_cnt=406442 masked_cnt=409600 fg_cnt=1616895 zero_fg_batches=0 used_batches=100 total_batches=100
step 399: train loss 2.1318, val loss 2.1416, time 749.54 seconds
maskacc_val 0.2377
maskacc_fg_val 0.2341
maskacc_fg_stats_val fg_masked_cnt=406278 masked_cnt=409600 fg_cnt=1614629 zero_fg_batches=0 used_batches=100 total_batches=100
Total training time: 765.66 seconds
