0.55758 M parameters
0.55758 M trainable
step 0: train loss 2.8332, val loss 2.8332, time 30.82 seconds
maskacc_val 0.0077
maskacc_fg_val 0.0000
maskacc_fg_stats_val fg_masked_cnt=406477 masked_cnt=409600 fg_cnt=1616509 zero_fg_batches=0 used_batches=100 total_batches=100
step 50: train loss 2.3701, val loss 2.3704, time 122.03 seconds
maskacc_val 0.1872
maskacc_fg_val 0.1852
maskacc_fg_stats_val fg_masked_cnt=406361 masked_cnt=409600 fg_cnt=1615137 zero_fg_batches=0 used_batches=100 total_batches=100
step 100: train loss 2.2204, val loss 2.2249, time 210.57 seconds
maskacc_val 0.2166
maskacc_fg_val 0.2207
maskacc_fg_stats_val fg_masked_cnt=406599 masked_cnt=409600 fg_cnt=1616462 zero_fg_batches=0 used_batches=100 total_batches=100
step 150: train loss 2.1846, val loss 2.1811, time 299.06 seconds
maskacc_val 0.2293
maskacc_fg_val 0.2284
maskacc_fg_stats_val fg_masked_cnt=406481 masked_cnt=409600 fg_cnt=1616724 zero_fg_batches=0 used_batches=100 total_batches=100
step 200: train loss 2.1460, val loss 2.1458, time 388.43 seconds
maskacc_val 0.2335
maskacc_fg_val 0.2329
maskacc_fg_stats_val fg_masked_cnt=406562 masked_cnt=409600 fg_cnt=1616454 zero_fg_batches=0 used_batches=100 total_batches=100
step 250: train loss 2.1271, val loss 2.1301, time 476.31 seconds
maskacc_val 0.2372
maskacc_fg_val 0.2367
maskacc_fg_stats_val fg_masked_cnt=406581 masked_cnt=409600 fg_cnt=1617144 zero_fg_batches=0 used_batches=100 total_batches=100
step 300: train loss 2.1206, val loss 2.1198, time 565.32 seconds
maskacc_val 0.2405
maskacc_fg_val 0.2386
maskacc_fg_stats_val fg_masked_cnt=406398 masked_cnt=409600 fg_cnt=1615094 zero_fg_batches=0 used_batches=100 total_batches=100
step 350: train loss 2.0977, val loss 2.1051, time 651.83 seconds
maskacc_val 0.2420
maskacc_fg_val 0.2439
maskacc_fg_stats_val fg_masked_cnt=406442 masked_cnt=409600 fg_cnt=1616895 zero_fg_batches=0 used_batches=100 total_batches=100
step 399: train loss 2.0856, val loss 2.0964, time 740.25 seconds
maskacc_val 0.2465
maskacc_fg_val 0.2430
maskacc_fg_stats_val fg_masked_cnt=406278 masked_cnt=409600 fg_cnt=1614629 zero_fg_batches=0 used_batches=100 total_batches=100
Total training time: 756.73 seconds
