0.55758 M parameters
0.55758 M trainable
step 0: train loss 2.8332, val loss 2.8332, time 90.71 seconds
maskacc_val 0.0029
maskacc_fg_val 0.0000
maskacc_fg_stats_val fg_masked_cnt=1627244 masked_cnt=1632000 fg_cnt=4900414 zero_fg_batches=0 used_batches=100 total_batches=100
step 50: train loss 2.1094, val loss 2.1023, time 358.87 seconds
maskacc_val 0.2892
maskacc_fg_val 0.2906
maskacc_fg_stats_val fg_masked_cnt=1627262 masked_cnt=1632000 fg_cnt=4900472 zero_fg_batches=0 used_batches=100 total_batches=100
step 100: train loss 1.9881, val loss 1.9771, time 625.98 seconds
maskacc_val 0.3737
maskacc_fg_val 0.3751
maskacc_fg_stats_val fg_masked_cnt=1627294 masked_cnt=1632000 fg_cnt=4900564 zero_fg_batches=0 used_batches=100 total_batches=100
step 150: train loss 1.8941, val loss 1.8866, time 892.63 seconds
maskacc_val 0.4109
maskacc_fg_val 0.4106
maskacc_fg_stats_val fg_masked_cnt=1627244 masked_cnt=1632000 fg_cnt=4900414 zero_fg_batches=0 used_batches=100 total_batches=100
step 200: train loss 1.8394, val loss 1.8309, time 1163.75 seconds
maskacc_val 0.4259
maskacc_fg_val 0.4283
maskacc_fg_stats_val fg_masked_cnt=1627262 masked_cnt=1632000 fg_cnt=4900472 zero_fg_batches=0 used_batches=100 total_batches=100
step 250: train loss 1.8172, val loss 1.8097, time 1429.72 seconds
maskacc_val 0.4310
maskacc_fg_val 0.4324
maskacc_fg_stats_val fg_masked_cnt=1627294 masked_cnt=1632000 fg_cnt=4900564 zero_fg_batches=0 used_batches=100 total_batches=100
step 300: train loss 1.7968, val loss 1.7919, time 1696.77 seconds
maskacc_val 0.4348
maskacc_fg_val 0.4347
maskacc_fg_stats_val fg_masked_cnt=1627244 masked_cnt=1632000 fg_cnt=4900414 zero_fg_batches=0 used_batches=100 total_batches=100
step 350: train loss 1.7846, val loss 1.7758, time 1964.46 seconds
maskacc_val 0.4389
maskacc_fg_val 0.4414
maskacc_fg_stats_val fg_masked_cnt=1627262 masked_cnt=1632000 fg_cnt=4900472 zero_fg_batches=0 used_batches=100 total_batches=100
step 399: train loss 1.7796, val loss 1.7695, time 2229.75 seconds
maskacc_val 0.4415
maskacc_fg_val 0.4430
maskacc_fg_stats_val fg_masked_cnt=1627294 masked_cnt=1632000 fg_cnt=4900564 zero_fg_batches=0 used_batches=100 total_batches=100
Total training time: 2278.82 seconds
