1.666008 M parameters
1.666008 M trainable
step 0: train loss 3.4965, val loss 3.4965, time 303.87 seconds
maskacc_val 0.0180
maskacc_fg_val 0.0000
maskacc_fg_stats_val fg_masked_cnt=639287 masked_cnt=690000 fg_cnt=1923373 zero_fg_batches=0 used_batches=50 total_batches=50
step 30: train loss 3.4330, val loss 3.4313, time 1254.33 seconds
maskacc_val 0.0441
maskacc_fg_val 0.0534
maskacc_fg_stats_val fg_masked_cnt=640981 masked_cnt=690000 fg_cnt=1924170 zero_fg_batches=0 used_batches=50 total_batches=50
step 60: train loss 3.4271, val loss 3.4290, time 2214.32 seconds
maskacc_val 0.0464
maskacc_fg_val 0.0444
maskacc_fg_stats_val fg_masked_cnt=640670 masked_cnt=690000 fg_cnt=1924180 zero_fg_batches=0 used_batches=50 total_batches=50
step 90: train loss 3.4263, val loss 3.4263, time 3173.08 seconds
maskacc_val 0.0449
maskacc_fg_val 0.0477
maskacc_fg_stats_val fg_masked_cnt=643400 masked_cnt=690000 fg_cnt=1930997 zero_fg_batches=0 used_batches=50 total_batches=50
step 120: train loss 3.4250, val loss 3.4255, time 4133.76 seconds
maskacc_val 0.0464
maskacc_fg_val 0.0472
maskacc_fg_stats_val fg_masked_cnt=641062 masked_cnt=690000 fg_cnt=1930318 zero_fg_batches=0 used_batches=50 total_batches=50
step 149: train loss 3.4279, val loss 3.4258, time 5069.31 seconds
maskacc_val 0.0490
maskacc_fg_val 0.0467
maskacc_fg_stats_val fg_masked_cnt=639798 masked_cnt=690000 fg_cnt=1927040 zero_fg_batches=0 used_batches=50 total_batches=50
Total training time: 5166.05 seconds
