1.666008 M parameters
1.666008 M trainable
step 0: train loss 3.4965, val loss 3.4965, time 15.27 seconds
maskacc_val 0.0160
maskacc_fg_val 0.0000
maskacc_fg_stats_val fg_masked_cnt=389173 masked_cnt=414720 fg_cnt=770180 zero_fg_batches=0 used_batches=20 total_batches=20
step 30: train loss 3.4255, val loss 3.4251, time 651.43 seconds
maskacc_val 0.0505
maskacc_fg_val 0.0480
maskacc_fg_stats_val fg_masked_cnt=387387 masked_cnt=414720 fg_cnt=767848 zero_fg_batches=0 used_batches=20 total_batches=20
step 60: train loss 3.4252, val loss 3.4128, time 1283.42 seconds
maskacc_val 0.0433
maskacc_fg_val 0.0464
maskacc_fg_stats_val fg_masked_cnt=385953 masked_cnt=414720 fg_cnt=767888 zero_fg_batches=0 used_batches=20 total_batches=20
step 90: train loss 3.4230, val loss 3.4049, time 1911.96 seconds
maskacc_val 0.0424
maskacc_fg_val 0.0438
maskacc_fg_stats_val fg_masked_cnt=386862 masked_cnt=414720 fg_cnt=767192 zero_fg_batches=0 used_batches=20 total_batches=20
step 120: train loss 3.4161, val loss 3.4106, time 2534.73 seconds
maskacc_val 0.0460
maskacc_fg_val 0.0548
maskacc_fg_stats_val fg_masked_cnt=388939 masked_cnt=414720 fg_cnt=772400 zero_fg_batches=0 used_batches=20 total_batches=20
step 149: train loss 3.4159, val loss 3.4348, time 3134.57 seconds
maskacc_val 0.0555
maskacc_fg_val 0.0455
maskacc_fg_stats_val fg_masked_cnt=386758 masked_cnt=414720 fg_cnt=769590 zero_fg_batches=0 used_batches=20 total_batches=20
Total training time: 3185.61 seconds
