0.55758 M parameters
0.55758 M trainable
step 0: train loss 2.8195, val loss 2.8195, time 31.17 seconds
maskacc_val 0.0895
maskacc_fg_val 0.0896
maskacc_fg_stats_val fg_masked_cnt=404045 masked_cnt=409600 fg_cnt=808061 zero_fg_batches=0 used_batches=50 total_batches=50
step 20: train loss 2.6756, val loss 2.6736, time 87.85 seconds
maskacc_val 0.1092
maskacc_fg_val 0.1098
maskacc_fg_stats_val fg_masked_cnt=403897 masked_cnt=409600 fg_cnt=807527 zero_fg_batches=0 used_batches=50 total_batches=50
step 40: train loss 2.6545, val loss 2.6573, time 144.68 seconds
maskacc_val 0.1085
maskacc_fg_val 0.1105
maskacc_fg_stats_val fg_masked_cnt=403707 masked_cnt=409600 fg_cnt=807574 zero_fg_batches=0 used_batches=50 total_batches=50
step 60: train loss 2.6547, val loss 2.6514, time 201.20 seconds
maskacc_val 0.1054
maskacc_fg_val 0.1100
maskacc_fg_stats_val fg_masked_cnt=403292 masked_cnt=409600 fg_cnt=806999 zero_fg_batches=0 used_batches=50 total_batches=50
step 80: train loss 2.6514, val loss 2.6476, time 257.95 seconds
maskacc_val 0.1045
maskacc_fg_val 0.1096
maskacc_fg_stats_val fg_masked_cnt=403632 masked_cnt=409600 fg_cnt=807720 zero_fg_batches=0 used_batches=50 total_batches=50
step 100: train loss 2.6477, val loss 2.6453, time 314.18 seconds
maskacc_val 0.1046
maskacc_fg_val 0.1080
maskacc_fg_stats_val fg_masked_cnt=404036 masked_cnt=409600 fg_cnt=808422 zero_fg_batches=0 used_batches=50 total_batches=50
step 119: train loss 2.6463, val loss 2.6441, time 369.85 seconds
maskacc_val 0.1061
maskacc_fg_val 0.1099
maskacc_fg_stats_val fg_masked_cnt=404360 masked_cnt=409600 fg_cnt=808838 zero_fg_batches=0 used_batches=50 total_batches=50
Total training time: 378.72 seconds
