0.55758 M parameters
0.55758 M trainable
step 0: train loss 2.8332, val loss 2.8332, time 90.56 seconds
maskacc_val 0.0029
maskacc_fg_val 0.0000
maskacc_fg_stats_val fg_masked_cnt=1627244 masked_cnt=1632000 fg_cnt=4900414 zero_fg_batches=0 used_batches=100 total_batches=100
step 50: train loss 2.1082, val loss 2.1011, time 359.72 seconds
maskacc_val 0.2892
maskacc_fg_val 0.2906
maskacc_fg_stats_val fg_masked_cnt=1627262 masked_cnt=1632000 fg_cnt=4900472 zero_fg_batches=0 used_batches=100 total_batches=100
step 100: train loss 1.9851, val loss 1.9739, time 630.25 seconds
maskacc_val 0.3582
maskacc_fg_val 0.3595
maskacc_fg_stats_val fg_masked_cnt=1627294 masked_cnt=1632000 fg_cnt=4900564 zero_fg_batches=0 used_batches=100 total_batches=100
step 150: train loss 1.8808, val loss 1.8740, time 899.02 seconds
maskacc_val 0.4072
maskacc_fg_val 0.4070
maskacc_fg_stats_val fg_masked_cnt=1627244 masked_cnt=1632000 fg_cnt=4900414 zero_fg_batches=0 used_batches=100 total_batches=100
step 200: train loss 1.8482, val loss 1.8399, time 1168.84 seconds
maskacc_val 0.4169
maskacc_fg_val 0.4191
maskacc_fg_stats_val fg_masked_cnt=1627262 masked_cnt=1632000 fg_cnt=4900472 zero_fg_batches=0 used_batches=100 total_batches=100
step 250: train loss 1.8215, val loss 1.8138, time 1438.27 seconds
maskacc_val 0.4285
maskacc_fg_val 0.4300
maskacc_fg_stats_val fg_masked_cnt=1627294 masked_cnt=1632000 fg_cnt=4900564 zero_fg_batches=0 used_batches=100 total_batches=100
step 300: train loss 1.7974, val loss 1.7919, time 1706.87 seconds
maskacc_val 0.4307
maskacc_fg_val 0.4305
maskacc_fg_stats_val fg_masked_cnt=1627244 masked_cnt=1632000 fg_cnt=4900414 zero_fg_batches=0 used_batches=100 total_batches=100
step 350: train loss 1.7781, val loss 1.7691, time 1977.57 seconds
maskacc_val 0.4442
maskacc_fg_val 0.4467
maskacc_fg_stats_val fg_masked_cnt=1627262 masked_cnt=1632000 fg_cnt=4900472 zero_fg_batches=0 used_batches=100 total_batches=100
step 399: train loss 1.7730, val loss 1.7626, time 2244.42 seconds
maskacc_val 0.4501
maskacc_fg_val 0.4517
maskacc_fg_stats_val fg_masked_cnt=1627294 masked_cnt=1632000 fg_cnt=4900564 zero_fg_batches=0 used_batches=100 total_batches=100
Total training time: 2293.65 seconds
