1.666008 M parameters
1.666008 M trainable
step 0: train loss 3.4965, val loss 3.4965, time 301.99 seconds
maskacc_val 0.0157
maskacc_fg_val 0.0000
maskacc_fg_stats_val fg_masked_cnt=967503 masked_cnt=1036800 fg_cnt=1923373 zero_fg_batches=0 used_batches=50 total_batches=50
step 30: train loss 3.4291, val loss 3.4275, time 1246.34 seconds
maskacc_val 0.0480
maskacc_fg_val 0.0526
maskacc_fg_stats_val fg_masked_cnt=970009 masked_cnt=1036800 fg_cnt=1924170 zero_fg_batches=0 used_batches=50 total_batches=50
step 60: train loss 3.4234, val loss 3.4239, time 2188.21 seconds
maskacc_val 0.0480
maskacc_fg_val 0.0526
maskacc_fg_stats_val fg_masked_cnt=969514 masked_cnt=1036800 fg_cnt=1924180 zero_fg_batches=0 used_batches=50 total_batches=50
step 90: train loss 3.4215, val loss 3.4222, time 3139.53 seconds
maskacc_val 0.0469
maskacc_fg_val 0.0525
maskacc_fg_stats_val fg_masked_cnt=973731 masked_cnt=1036800 fg_cnt=1930997 zero_fg_batches=0 used_batches=50 total_batches=50
step 120: train loss 3.4203, val loss 3.4221, time 4086.61 seconds
maskacc_val 0.0490
maskacc_fg_val 0.0507
maskacc_fg_stats_val fg_masked_cnt=971260 masked_cnt=1036800 fg_cnt=1930318 zero_fg_batches=0 used_batches=50 total_batches=50
step 149: train loss 3.4241, val loss 3.4222, time 5020.01 seconds
maskacc_val 0.0490
maskacc_fg_val 0.0496
maskacc_fg_stats_val fg_masked_cnt=969015 masked_cnt=1036800 fg_cnt=1927040 zero_fg_batches=0 used_batches=50 total_batches=50
Total training time: 5115.68 seconds
