0.55758 M parameters
0.55758 M trainable
step 0: train loss 2.8332, val loss 2.8332, time 89.88 seconds
maskacc_val 0.8590
maskacc_fg_val 0.0000
maskacc_fg_stats_val fg_masked_cnt=114951 masked_cnt=816000 fg_cnt=344709 zero_fg_batches=0 used_batches=50 total_batches=50
step 20: train loss 1.9087, val loss 1.9098, time 258.38 seconds
maskacc_val 0.8594
maskacc_fg_val 0.0000
maskacc_fg_stats_val fg_masked_cnt=115183 masked_cnt=816000 fg_cnt=345367 zero_fg_batches=0 used_batches=50 total_batches=50
step 40: train loss 1.3208, val loss 1.3225, time 426.33 seconds
maskacc_val 0.8589
maskacc_fg_val 0.0000
maskacc_fg_stats_val fg_masked_cnt=114951 masked_cnt=816000 fg_cnt=344703 zero_fg_batches=0 used_batches=50 total_batches=50
step 60: train loss 1.0339, val loss 1.0361, time 593.34 seconds
maskacc_val 0.8591
maskacc_fg_val 0.0000
maskacc_fg_stats_val fg_masked_cnt=114911 masked_cnt=816000 fg_cnt=344590 zero_fg_batches=0 used_batches=50 total_batches=50
step 80: train loss 0.9133, val loss 0.9150, time 762.49 seconds
maskacc_val 0.8593
maskacc_fg_val 0.0000
maskacc_fg_stats_val fg_masked_cnt=115087 masked_cnt=816000 fg_cnt=345089 zero_fg_batches=0 used_batches=50 total_batches=50
step 100: train loss 0.8648, val loss 0.8668, time 929.93 seconds
maskacc_val 0.8588
maskacc_fg_val 0.0000
maskacc_fg_stats_val fg_masked_cnt=115020 masked_cnt=816000 fg_cnt=344900 zero_fg_batches=0 used_batches=50 total_batches=50
step 119: train loss 0.8516, val loss 0.8538, time 1096.52 seconds
maskacc_val 0.8590
maskacc_fg_val 0.0000
maskacc_fg_stats_val fg_masked_cnt=114754 masked_cnt=816000 fg_cnt=344138 zero_fg_batches=0 used_batches=50 total_batches=50
Total training time: 1122.73 seconds
