0.55758 M parameters
0.55758 M trainable
step 0: train loss 2.8332, val loss 2.8332, time 90.04 seconds
maskacc_val 0.0044
maskacc_fg_val 0.0000
maskacc_fg_stats_val fg_masked_cnt=1624816 masked_cnt=1632000 fg_cnt=4893639 zero_fg_batches=0 used_batches=100 total_batches=100
step 50: train loss 1.8113, val loss 1.8179, time 371.84 seconds
maskacc_val 0.3414
maskacc_fg_val 0.3430
maskacc_fg_stats_val fg_masked_cnt=1624822 masked_cnt=1632000 fg_cnt=4893659 zero_fg_batches=0 used_batches=100 total_batches=100
step 100: train loss 1.5182, val loss 1.5251, time 649.21 seconds
maskacc_val 0.4365
maskacc_fg_val 0.4382
maskacc_fg_stats_val fg_masked_cnt=1624812 masked_cnt=1632000 fg_cnt=4893627 zero_fg_batches=0 used_batches=100 total_batches=100
step 150: train loss 1.4185, val loss 1.4245, time 926.68 seconds
maskacc_val 0.4889
maskacc_fg_val 0.4911
maskacc_fg_stats_val fg_masked_cnt=1624816 masked_cnt=1632000 fg_cnt=4893639 zero_fg_batches=0 used_batches=100 total_batches=100
step 200: train loss 1.3418, val loss 1.3483, time 1203.89 seconds
maskacc_val 0.5120
maskacc_fg_val 0.5144
maskacc_fg_stats_val fg_masked_cnt=1624822 masked_cnt=1632000 fg_cnt=4893659 zero_fg_batches=0 used_batches=100 total_batches=100
step 250: train loss 1.3022, val loss 1.3089, time 1484.21 seconds
maskacc_val 0.5199
maskacc_fg_val 0.5220
maskacc_fg_stats_val fg_masked_cnt=1624812 masked_cnt=1632000 fg_cnt=4893627 zero_fg_batches=0 used_batches=100 total_batches=100
step 300: train loss 1.2730, val loss 1.2794, time 1760.83 seconds
maskacc_val 0.5314
maskacc_fg_val 0.5339
maskacc_fg_stats_val fg_masked_cnt=1624816 masked_cnt=1632000 fg_cnt=4893639 zero_fg_batches=0 used_batches=100 total_batches=100
step 350: train loss 1.2410, val loss 1.2469, time 2040.06 seconds
maskacc_val 0.5440
maskacc_fg_val 0.5465
maskacc_fg_stats_val fg_masked_cnt=1624822 masked_cnt=1632000 fg_cnt=4893659 zero_fg_batches=0 used_batches=100 total_batches=100
step 399: train loss 1.2245, val loss 1.2308, time 2317.33 seconds
maskacc_val 0.5483
maskacc_fg_val 0.5505
maskacc_fg_stats_val fg_masked_cnt=1624812 masked_cnt=1632000 fg_cnt=4893627 zero_fg_batches=0 used_batches=100 total_batches=100
Total training time: 2368.01 seconds
