0.55758 M parameters
0.55758 M trainable
step 0: train loss 2.8332, val loss 2.8332, time 90.56 seconds
maskacc_val 0.0029
maskacc_fg_val 0.0000
maskacc_fg_stats_val fg_masked_cnt=1627244 masked_cnt=1632000 fg_cnt=4900414 zero_fg_batches=0 used_batches=100 total_batches=100
step 50: train loss 2.1082, val loss 2.1011, time 359.72 seconds
maskacc_val 0.2892
maskacc_fg_val 0.2906
maskacc_fg_stats_val fg_masked_cnt=1627262 masked_cnt=1632000 fg_cnt=4900472 zero_fg_batches=0 used_batches=100 total_batches=100
step 100: train loss 1.9851, val loss 1.9739, time 630.25 seconds
maskacc_val 0.3582
maskacc_fg_val 0.3595
maskacc_fg_stats_val fg_masked_cnt=1627294 masked_cnt=1632000 fg_cnt=4900564 zero_fg_batches=0 used_batches=100 total_batches=100
step 150: train loss 1.8808, val loss 1.8740, time 899.02 seconds
maskacc_val 0.4072
maskacc_fg_val 0.4070
maskacc_fg_stats_val fg_masked_cnt=1627244 masked_cnt=1632000 fg_cnt=4900414 zero_fg_batches=0 used_batches=100 total_batches=100
step 200: train loss 1.8482, val loss 1.8399, time 1168.84 seconds
maskacc_val 0.4169
maskacc_fg_val 0.4191
maskacc_fg_stats_val fg_masked_cnt=1627262 masked_cnt=1632000 fg_cnt=4900472 zero_fg_batches=0 used_batches=100 total_batches=100
step 250: train loss 1.8215, val loss 1.8138, time 1438.27 seconds
maskacc_val 0.4285
maskacc_fg_val 0.4300
maskacc_fg_stats_val fg_masked_cnt=1627294 masked_cnt=1632000 fg_cnt=4900564 zero_fg_batches=0 used_batches=100 total_batches=100
step 300: train loss 1.7974, val loss 1.7919, time 1706.87 seconds
maskacc_val 0.4307
maskacc_fg_val 0.4305
maskacc_fg_stats_val fg_masked_cnt=1627244 masked_cnt=1632000 fg_cnt=4900414 zero_fg_batches=0 used_batches=100 total_batches=100
step 350: train loss 1.7781, val loss 1.7691, time 1977.57 seconds
maskacc_val 0.4442
maskacc_fg_val 0.4467
maskacc_fg_stats_val fg_masked_cnt=1627262 masked_cnt=1632000 fg_cnt=4900472 zero_fg_batches=0 used_batches=100 total_batches=100
step 399: train loss 1.7730, val loss 1.7626, time 2244.42 seconds
maskacc_val 0.4501
maskacc_fg_val 0.4517
maskacc_fg_stats_val fg_masked_cnt=1627294 masked_cnt=1632000 fg_cnt=4900564 zero_fg_batches=0 used_batches=100 total_batches=100
Total training time: 2293.65 seconds
0.55758 M parameters
0.55758 M trainable
step 0: train loss 2.8332, val loss 2.8332, time 96.90 seconds
maskacc_val 0.0029
maskacc_fg_val 0.0000
maskacc_fg_stats_val fg_masked_cnt=1627244 masked_cnt=1632000 fg_cnt=4900414 zero_fg_batches=0 used_batches=100 total_batches=100
step 50: train loss 1.6851, val loss 1.6788, time 384.16 seconds
maskacc_val 0.3571
maskacc_fg_val 0.3585
maskacc_fg_stats_val fg_masked_cnt=1627262 masked_cnt=1632000 fg_cnt=4900472 zero_fg_batches=0 used_batches=100 total_batches=100
step 100: train loss 1.4085, val loss 1.4020, time 670.75 seconds
maskacc_val 0.4967
maskacc_fg_val 0.4987
maskacc_fg_stats_val fg_masked_cnt=1627294 masked_cnt=1632000 fg_cnt=4900564 zero_fg_batches=0 used_batches=100 total_batches=100
step 150: train loss 1.3083, val loss 1.3056, time 958.72 seconds
maskacc_val 0.5212
maskacc_fg_val 0.5215
maskacc_fg_stats_val fg_masked_cnt=1627244 masked_cnt=1632000 fg_cnt=4900414 zero_fg_batches=0 used_batches=100 total_batches=100
step 200: train loss 1.2618, val loss 1.2585, time 1246.69 seconds
maskacc_val 0.5383
maskacc_fg_val 0.5404
maskacc_fg_stats_val fg_masked_cnt=1627262 masked_cnt=1632000 fg_cnt=4900472 zero_fg_batches=0 used_batches=100 total_batches=100
step 250: train loss 1.2110, val loss 1.2082, time 1534.88 seconds
maskacc_val 0.5543
maskacc_fg_val 0.5566
maskacc_fg_stats_val fg_masked_cnt=1627294 masked_cnt=1632000 fg_cnt=4900564 zero_fg_batches=0 used_batches=100 total_batches=100
step 300: train loss 1.1711, val loss 1.1705, time 1827.46 seconds
maskacc_val 0.5767
maskacc_fg_val 0.5772
maskacc_fg_stats_val fg_masked_cnt=1627244 masked_cnt=1632000 fg_cnt=4900414 zero_fg_batches=0 used_batches=100 total_batches=100
step 350: train loss 1.1432, val loss 1.1401, time 2115.58 seconds
maskacc_val 0.5784
maskacc_fg_val 0.5806
maskacc_fg_stats_val fg_masked_cnt=1627262 masked_cnt=1632000 fg_cnt=4900472 zero_fg_batches=0 used_batches=100 total_batches=100
step 399: train loss 1.1321, val loss 1.1286, time 2400.00 seconds
maskacc_val 0.5827
maskacc_fg_val 0.5851
maskacc_fg_stats_val fg_masked_cnt=1627294 masked_cnt=1632000 fg_cnt=4900564 zero_fg_batches=0 used_batches=100 total_batches=100
Total training time: 2452.05 seconds
{
  "task5_realvideo_gap40_confirm_seed20260313": {
    "best_maskacc_val_fs0": 0.4501,
    "best_maskacc_val_fs1": 0.5827,
    "delta_maskacc_val": 0.1326,
    "best_maskacc_fg_val_fs0": 0.4517,
    "best_maskacc_fg_val_fs1": 0.5851,
    "delta_maskacc_fg_val": 0.13339999999999996,
    "last_val_loss_fs0": 1.7626,
    "last_val_loss_fs1": 1.1286,
    "delta_last_val_loss": -0.6339999999999999
  }
}
