1.666008 M parameters
1.666008 M trainable
step 0: train loss 3.4364, val loss 3.4367, time 300.04 seconds
maskacc_val 0.0308
maskacc_fg_val 0.0307
maskacc_fg_stats_val fg_masked_cnt=65307 masked_cnt=76800 fg_cnt=1923373 zero_fg_batches=0 used_batches=50 total_batches=50
step 30: train loss 3.2523, val loss 3.2535, time 1283.56 seconds
maskacc_val 0.0604
maskacc_fg_val 0.0005
maskacc_fg_stats_val fg_masked_cnt=65504 masked_cnt=76800 fg_cnt=1924170 zero_fg_batches=0 used_batches=50 total_batches=50
step 60: train loss 2.8715, val loss 2.8712, time 2274.43 seconds
maskacc_val 0.1677
maskacc_fg_val 0.1254
maskacc_fg_stats_val fg_masked_cnt=65254 masked_cnt=76800 fg_cnt=1924180 zero_fg_batches=0 used_batches=50 total_batches=50
step 90: train loss 2.6800, val loss 2.6763, time 3268.01 seconds
maskacc_val 0.2614
maskacc_fg_val 0.2616
maskacc_fg_stats_val fg_masked_cnt=66025 masked_cnt=76800 fg_cnt=1930997 zero_fg_batches=0 used_batches=50 total_batches=50
step 119: train loss 2.6088, val loss 2.6088, time 4241.75 seconds
maskacc_val 0.2740
maskacc_fg_val 0.2752
maskacc_fg_stats_val fg_masked_cnt=65791 masked_cnt=76800 fg_cnt=1930318 zero_fg_batches=0 used_batches=50 total_batches=50
Total training time: 4343.48 seconds
1.666008 M parameters
1.666008 M trainable
step 0: train loss 3.0987, val loss 3.1051, time 296.50 seconds
maskacc_val 0.0943
maskacc_fg_val 0.0990
maskacc_fg_stats_val fg_masked_cnt=65307 masked_cnt=76800 fg_cnt=1923373 zero_fg_batches=0 used_batches=50 total_batches=50
step 30: train loss 2.5938, val loss 2.5821, time 1255.18 seconds
maskacc_val 0.1886
maskacc_fg_val 0.1836
maskacc_fg_stats_val fg_masked_cnt=65504 masked_cnt=76800 fg_cnt=1924170 zero_fg_batches=0 used_batches=50 total_batches=50
step 60: train loss 2.3920, val loss 2.3884, time 2242.17 seconds
maskacc_val 0.2964
maskacc_fg_val 0.2994
maskacc_fg_stats_val fg_masked_cnt=65254 masked_cnt=76800 fg_cnt=1924180 zero_fg_batches=0 used_batches=50 total_batches=50
step 90: train loss 2.2525, val loss 2.2471, time 3228.14 seconds
maskacc_val 0.3376
maskacc_fg_val 0.3541
maskacc_fg_stats_val fg_masked_cnt=66025 masked_cnt=76800 fg_cnt=1930997 zero_fg_batches=0 used_batches=50 total_batches=50
step 119: train loss 2.2019, val loss 2.1964, time 4205.45 seconds
maskacc_val 0.3651
maskacc_fg_val 0.3636
maskacc_fg_stats_val fg_masked_cnt=65791 masked_cnt=76800 fg_cnt=1930318 zero_fg_batches=0 used_batches=50 total_batches=50
Total training time: 4305.49 seconds
{
  "realvideo_square_migration_confirm_seed20260317": {
    "best_maskacc_val_fs0": 0.274,
    "best_maskacc_val_fs1": 0.3651,
    "delta_maskacc_val": 0.09109999999999996,
    "best_maskacc_fg_val_fs0": 0.2752,
    "best_maskacc_fg_val_fs1": 0.3636,
    "delta_maskacc_fg_val": 0.08839999999999998,
    "last_val_loss_fs0": 2.6088,
    "last_val_loss_fs1": 2.1964,
    "delta_last_val_loss": -0.4123999999999999
  }
}
