1.666008 M parameters
1.666008 M trainable
step 0: train loss 3.4965, val loss 3.4965, time 15.31 seconds
maskacc_val 0.0160
maskacc_fg_val 0.0000
maskacc_fg_stats_val fg_masked_cnt=389173 masked_cnt=414720 fg_cnt=770180 zero_fg_batches=0 used_batches=20 total_batches=20
step 30: train loss 3.4276, val loss 3.4276, time 620.93 seconds
maskacc_val 0.0505
maskacc_fg_val 0.0480
maskacc_fg_stats_val fg_masked_cnt=387387 masked_cnt=414720 fg_cnt=767848 zero_fg_batches=0 used_batches=20 total_batches=20
step 60: train loss 3.4269, val loss 3.4151, time 1225.22 seconds
maskacc_val 0.0433
maskacc_fg_val 0.0464
maskacc_fg_stats_val fg_masked_cnt=385953 masked_cnt=414720 fg_cnt=767888 zero_fg_batches=0 used_batches=20 total_batches=20
step 90: train loss 3.4240, val loss 3.4067, time 1832.59 seconds
maskacc_val 0.0490
maskacc_fg_val 0.0504
maskacc_fg_stats_val fg_masked_cnt=386862 masked_cnt=414720 fg_cnt=767192 zero_fg_batches=0 used_batches=20 total_batches=20
step 119: train loss 3.4110, val loss 3.4122, time 2432.41 seconds
maskacc_val 0.0460
maskacc_fg_val 0.0548
maskacc_fg_stats_val fg_masked_cnt=388939 masked_cnt=414720 fg_cnt=772400 zero_fg_batches=0 used_batches=20 total_batches=20
Total training time: 2483.24 seconds
