1.666008 M parameters
1.666008 M trainable
step 0: train loss 3.4965, val loss 3.4965, time 15.54 seconds
maskacc_val 0.0160
maskacc_fg_val 0.0000
maskacc_fg_stats_val fg_masked_cnt=389173 masked_cnt=414720 fg_cnt=770180 zero_fg_batches=0 used_batches=20 total_batches=20
step 30: train loss 3.4262, val loss 3.4261, time 628.40 seconds
maskacc_val 0.0505
maskacc_fg_val 0.0480
maskacc_fg_stats_val fg_masked_cnt=387387 masked_cnt=414720 fg_cnt=767848 zero_fg_batches=0 used_batches=20 total_batches=20
step 60: train loss 3.3206, val loss 3.3065, time 1242.79 seconds
maskacc_val 0.0747
maskacc_fg_val 0.0799
maskacc_fg_stats_val fg_masked_cnt=385953 masked_cnt=414720 fg_cnt=767888 zero_fg_batches=0 used_batches=20 total_batches=20
step 90: train loss 3.1301, val loss 3.1174, time 1856.92 seconds
maskacc_val 0.0713
maskacc_fg_val 0.0758
maskacc_fg_stats_val fg_masked_cnt=386862 masked_cnt=414720 fg_cnt=767192 zero_fg_batches=0 used_batches=20 total_batches=20
step 119: train loss 3.0908, val loss 3.0930, time 2453.86 seconds
maskacc_val 0.0708
maskacc_fg_val 0.0779
maskacc_fg_stats_val fg_masked_cnt=388939 masked_cnt=414720 fg_cnt=772400 zero_fg_batches=0 used_batches=20 total_batches=20
Total training time: 2504.13 seconds
